#-----------------------------------------------------------
# Webtalk v2015.2 (64-bit)
# SW Build 1266856 on Fri Jun 26 16:35:25 MDT 2015
# 
# Start of session at: Thu Oct 29 12:16:56 2015
# Process ID: 6480
# Log file: /home/user/lab2/lab2.sdk/webtalk/webtalk.log
# Journal file: /home/user/lab2/lab2.sdk/webtalk/webtalk.jou
#-----------------------------------------------------------
source sdk_webtalk.tcl
# webtalk_init -webtalk_dir /home/user/lab2/lab2.sdk/webtalk
# webtalk_register_client -client project
# webtalk_add_data -client project -key date_generated -value "Thu Oct 29 12:16:55 2015" -context "software_version_and_target_device"
# webtalk_add_data -client project -key product_version -value "SDK v2015.2" -context "software_version_and_target_device"
# webtalk_add_data -client project -key build_version -value "2015.2" -context "software_version_and_target_device"
# webtalk_add_data -client project -key os_platform -value "amd64" -context "software_version_and_target_device"
# webtalk_add_data -client project -key registration_id -value "" -context "software_version_and_target_device"
# webtalk_add_data -client project -key tool_flow -value "SDK" -context "software_version_and_target_device"
# webtalk_add_data -client project -key beta -value "false" -context "software_version_and_target_device"
# webtalk_add_data -client project -key route_design -value "NA" -context "software_version_and_target_device"
# webtalk_add_data -client project -key target_family -value "NA" -context "software_version_and_target_device"
# webtalk_add_data -client project -key target_device -value "NA" -context "software_version_and_target_device"
# webtalk_add_data -client project -key target_package -value "NA" -context "software_version_and_target_device"
# webtalk_add_data -client project -key target_speed -value "NA" -context "software_version_and_target_device"
# webtalk_add_data -client project -key random_id -value "6a6qcc208phju52otksmcspedq" -context "software_version_and_target_device"
# webtalk_add_data -client project -key project_id -value "2015.2_12" -context "software_version_and_target_device"
# webtalk_add_data -client project -key project_iteration -value "12" -context "software_version_and_target_device"
# webtalk_add_data -client project -key os_name -value "" -context "user_environment"
# webtalk_add_data -client project -key os_release -value "" -context "user_environment"
# webtalk_add_data -client project -key cpu_name -value "" -context "user_environment"
# webtalk_add_data -client project -key cpu_speed -value "" -context "user_environment"
# webtalk_add_data -client project -key total_processors -value "" -context "user_environment"
# webtalk_add_data -client project -key system_ram -value "" -context "user_environment"
# webtalk_register_client -client sdk
# webtalk_add_data -client sdk -key uid -value "1446119555000" -context "sdk\\\\bsp/1446119555000"
# webtalk_add_data -client sdk -key hwid -value "1445511907000" -context "sdk\\\\bsp/1446119555000"
# webtalk_add_data -client sdk -key os -value "standalone" -context "sdk\\\\bsp/1446119555000"
# webtalk_add_data -client sdk -key apptemplate -value "empty_application" -context "sdk\\\\bsp/1446119555000"
# webtalk_add_data -client sdk -key uid -value "1446119556000" -context "sdk\\\\application/1446119556000"
# webtalk_add_data -client sdk -key hwid -value "1445511907000" -context "sdk\\\\application/1446119556000"
# webtalk_add_data -client sdk -key bspid -value "1446119555000" -context "sdk\\\\application/1446119556000"
# webtalk_add_data -client sdk -key newbsp -value "true" -context "sdk\\\\application/1446119556000"
# webtalk_add_data -client sdk -key os -value "standalone" -context "sdk\\\\application/1446119556000"
# webtalk_add_data -client sdk -key apptemplate -value "empty_application" -context "sdk\\\\application/1446119556000"
# webtalk_add_data -client sdk -key uid -value "1446120609000" -context "sdk\\\\bsp/1446120609000"
# webtalk_add_data -client sdk -key hwid -value "1446119265000" -context "sdk\\\\bsp/1446120609000"
# webtalk_add_data -client sdk -key os -value "standalone" -context "sdk\\\\bsp/1446120609000"
# webtalk_add_data -client sdk -key apptemplate -value "hello_world" -context "sdk\\\\bsp/1446120609000"
# webtalk_add_data -client sdk -key uid -value "1446120609000" -context "sdk\\\\application/1446120609000"
# webtalk_add_data -client sdk -key hwid -value "1446119265000" -context "sdk\\\\application/1446120609000"
# webtalk_add_data -client sdk -key bspid -value "1446120609000" -context "sdk\\\\application/1446120609000"
# webtalk_add_data -client sdk -key newbsp -value "true" -context "sdk\\\\application/1446120609000"
# webtalk_add_data -client sdk -key os -value "standalone" -context "sdk\\\\application/1446120609000"
# webtalk_add_data -client sdk -key apptemplate -value "hello_world" -context "sdk\\\\application/1446120609000"
# webtalk_transmit -clientid 2261139923 -regid "" -xml /home/user/lab2/lab2.sdk/webtalk/usage_statistics_ext_sdk.xml -html /home/user/lab2/lab2.sdk/webtalk/usage_statistics_ext_sdk.html -wdm /home/user/lab2/lab2.sdk/webtalk/sdk_webtalk.wdm -intro "<H3>SDK Usage Report</H3><BR>"

    while executing
"webtalk_transmit -clientid 2261139923 -regid "" -xml /home/user/lab2/lab2.sdk/webtalk/usage_statistics_ext_sdk.xml -html /home/user/lab2/lab2.sdk/webt..."
    (file "sdk_webtalk.tcl" line 45)
INFO: [Common 17-206] Exiting Webtalk at Thu Oct 29 12:16:59 2015...
