11:05:01 INFO  : Processing command line option -hwspec /home/user/EmbSys/lab1/lab1.sdk/system_wrapper.hdf.
11:05:04 INFO  : Launching XSDB server: xsdb -n -s /opt/Xilinx/SDK/2015.2/scripts/xsdb/xsdb/xsdb-server.tcl
11:05:05 INFO  : XSDB server has started successfully.
11:17:57 ERROR : Unexpected error while launching program.
com.xilinx.sdk.targetmanager.TMException: 
    Unknown Error Occured
    Cable is not connected to the host

	at com.xilinx.sdk.targetmanager.internal.TM.connectToProcessor(TM.java:481)
	at com.xilinx.sdk.debug.core.XilinxAppLaunchConfigurationDelegate.runTargetSetup(XilinxAppLaunchConfigurationDelegate.java:475)
	at com.xilinx.sdk.debug.core.XilinxAppLaunchConfigurationDelegate.runApplication(XilinxAppLaunchConfigurationDelegate.java:588)
	at com.xilinx.sdk.debug.core.XilinxAppLaunchConfigurationDelegate.launch(XilinxAppLaunchConfigurationDelegate.java:296)
	at com.xilinx.sdk.debug.ui.XilinxAppLaunchDelegateWrapper.launch(XilinxAppLaunchDelegateWrapper.java:31)
	at org.eclipse.debug.internal.core.LaunchConfiguration.launch(LaunchConfiguration.java:858)
	at org.eclipse.debug.internal.core.LaunchConfiguration.launch(LaunchConfiguration.java:707)
	at org.eclipse.debug.internal.ui.DebugUIPlugin.buildAndLaunch(DebugUIPlugin.java:1018)
	at org.eclipse.debug.internal.ui.DebugUIPlugin$8.run(DebugUIPlugin.java:1222)
	at org.eclipse.core.internal.jobs.Worker.run(Worker.java:53)
11:18:31 INFO  : ps7_init is completed.
11:18:31 INFO  : Processor reset is completed for ps7_cortexa9_0
11:19:35 INFO  : Processor reset is completed for ps7_cortexa9_0
11:20:01 INFO  : Processor reset is completed for ps7_cortexa9_0
11:20:38 INFO  : Processor reset is completed for ps7_cortexa9_0
11:21:13 INFO  : Processor reset is completed for ps7_cortexa9_0
11:21:40 INFO  : Processor reset is completed for ps7_cortexa9_0
11:25:14 INFO  : Processor reset is completed for ps7_cortexa9_0
11:26:37 INFO  : Launching XSDB server: xsdb -n -s /opt/Xilinx/SDK/2015.2/scripts/xsdb/xsdb/xsdb-server.tcl
11:26:37 INFO  : Processing command line option -hwspec /home/user/EmbSys/lab1/lab1.sdk/system_wrapper.hdf.
11:26:38 INFO  : XSDB server has started successfully.
11:26:38 INFO  : Checking for hwspec changes in the project system_wrapper_hw_platform_0.
11:30:36 INFO  : Launching XSDB server: xsdb -n -s /opt/Xilinx/SDK/2015.2/scripts/xsdb/xsdb/xsdb-server.tcl
11:30:36 INFO  : Processing command line option -hwspec /home/user/EmbSys/lab1/lab1.sdk/system_wrapper.hdf.
11:30:37 INFO  : XSDB server has started successfully.
11:30:37 INFO  : Checking for hwspec changes in the project system_wrapper_hw_platform_0.
11:32:25 INFO  : Processor reset is completed for ps7_cortexa9_0
